--------------------------------------------------------------------------------
      name:  <unnamed>
       log:  C:\Users\lfh\Desktop\umich summer\categorical data\homework\assig6\
> icpsrcda-05-nominal.log
  log type:  text
 opened on:  11 Aug 2021, 00:58:19

. 
. //  program:    icpsrcda-05-nominal.do
. //  task:       Nominal Regression
. //  project:    ICPSR CDA
. //  author:      \ 2021-08-10
. 
. 
. *program setup
. version         17.0

. clear           all 

. set             linesize 80

. 
. //6.1b) Load the Data.
. usecda  cda_hsb4
Opening as dataset
(High School and Beyond data for ICPSR (v3))

. 
. //6.1c) Examine data, select variables, drop missing, and verify. 
. codebook,       compact

Variable    Obs Unique      Mean  Min   Max  Label
--------------------------------------------------------------------------------
id         1647   1647       824    1  1647  Respondent's ID
sex        1583      2  1.529375    1     2  Respondent's sex
male       1583      2  .4706254    0     1  Male? (1=yes)
female     1583      2  .5293746    0     1  Female? (1=yes)
region     1647      9  4.982999    1     9  Region of country R lives in
hsprog     1629      9  2.609576    1     9  High school program
algebra2   1586      2  .5094578    0     1  Did R take Algebra 2?
geometry   1588      2  .5944584    0     1  Did R take Geometry?
trig       1546      2  .2813713    0     1  Did R take Trigonometry?
calc       1498      2  .0927904    0     1  Did R take Calculus?
physics    1522      2   .218134    0     1  Did R take Physics?
chem       1549      2  .4015494    0     1  Did R take Chemistry?
hsgrades   1632      8  2.887255   .5     4  What are R's grades in HS?
mathabs    1647      2  .4274438    0     1  Math-mostly A's & B's?
englabs    1647      2  .5009107    0     1  English-mostly A's & B's?
busiabs    1647      2  .3564056    0     1  Business-mostly A's and B's?
remengl    1618      2  .3003708    0     1  Taken remedial English?
remmath    1617      2  .2980829    0     1  Taken remedial math?
advengl    1618      2  .2707046    0     1  Taken advanced English?
advmath    1611      2  .2439479    0     1  Taken advanced math?
hmwktime   1637      7  4.511912    1     7  Time spent on hmwk each week?
workage    1633     10  14.65401   11    21  Age R first worked
hrswork    1628      7  4.226044    1     7  Hours R worked last week
hrslstyr   1626      7  3.186962    1     7  Hrs/wk R worked last year
varsport   1619      3  1.494132    1     3  Participate in varsity sports?
pepclub    1609      3   1.20261    1     3  Participate in other group?
livealon   1641      2  .0085314    0     1  Lived alone while in HS
livedad    1642      2  .7545676    0     1  Lived with dad while in HS
livemale   1641      2   .071298    0     1  Lived w/ male guardian in HS
livemom    1642      2  .8848965    0     1  Lived with mom while in HS
livfemal   1641      2  .0426569    0     1  Lived w/ female guardian in HS
livsibs    1641      2  .7775746    0     1  Lived with siblings in HS
livgrand   1641      2  .0457038    0     1  Lived with grandparents in HS
momwkhs    1596      5  2.229323    1     5  Mom worked while R in HS
momwkel    1581      5  2.027198    1     5  Mom worked while R in elem schl
momwkpre   1572      5  1.947201    1     5  Mom worked before R in elem schl
dadocc     1571     19  8.635264    1    19  Father's occupation
momocc     1578     19  9.729404    1    19  Mother's occupation
daded      1567     11  5.262285    1    11  Father's education level
momed      1600     11   4.93875    1    11  Mother's education level
dadhsgrd   1600      2   .700625    0     1  Dad HS grad? (1=yes)
momhsgrd   1600      2   .700625    0     1  Mom HS grad? (1=yes)
dadcoll    1600      2    .13625    0     1  Dad college grad? (1=yes)
momcoll    1600      2    .13625    0     1  Mom college grad? (1=yes)
dadmonit   1594      3  .9949812    0     3  Father monitors school work
mommonit   1613      3  .9566026    0     3  Mother monitors school work
talkpar    1602      4  2.388889    1     4  How often R talks to parents
dadplans   1584      3  2.147727    1     3  Dad's influenced R's HS plans
momplans   1603      3  2.296319    1     3  Mom's influenced R's HS plans
edattain   1604      9  5.546758    1     9  Educ level R expects to attain
momatain   1571     10  6.926162    1    10  Educ level mom expects for R
lowed      1587      9  4.657215    1     9  Lowest educ level that R wants
compserv   1571      4  2.702101    1     4  Compulsory service R would choose
earnings   1521     10  4.442801    0    15  Earnings for the survey year
expenses   1526      9  1.862713    0    10  R's expenses
netearn    1421      6  762.6671    0  2000  Net earnings in survey year
sumearn    1362      6  793.2085    0  2000  Net earnings from last year
agewed     1538     16  22.30819    1    31  Age R expects be married
agekid     1514     16  22.84346    1    31  Age R expects have 1st child
agejob     1534     16  18.45698    1    31  Age R expects get 1st FT job
agehome    1528     16  20.94372    1    31  Age R expects move out
ageeduc    1527     16  20.83694    1    31  Age R expects finish educ
age        1582      7  17.48293   15    21  R's age: 15-21+
race       1625      5  2.098462    1     5  R's race
white      1625      2  .7741538    0     1  White? (1=yes)
black      1625      2  .1372308    0     1  Black? (1=yes)
amerind    1625      2  .0086154    0     1  American Indian? (1=yes)
asian      1625      2  .0129231    0     1  Asian? (1=yes)
othrace    1625      2  .0670769    0     1  Other race? (1=yes)
origin     1427     31  19.05957    1    31  R's country of origin
religion   1540     11  5.392208    1    11  R's religion
relProt    1540      2  .4402597    0     1  Protestant? (1=yes)
relCath    1540      2  .3818182    0     1  Catholic? (1=yes)
relJew     1540      2   .024026    0     1  Jewish? (1=yes)
relOth     1540      2  .1006494    0     1  Other religion? (1=yes)
relNone    1540      2  .0532468    0     1  No religion? (1=yes)
religper   1551      3  1.958736    1     3  Is R a religious person?
politics   1536      6  3.505208    1     6  R's political ideology
fincome    1449      7  21.26915  3.5    38  R's family income
college    1518      2  1.435441    1     2  Type of coll R plans to attend
pubpriv    1511      2  1.209133    1     2  Does R plan on pub or prv coll?
instate    1517      2  .7785102    0     1  Does R plan on coll in-state?
ses        1604      3  1.933915    1     3  R's socioeconomic status
--------------------------------------------------------------------------------

. keep            talkpar agehome female dadplans expenses

. misschk,        gen(m)

Variables examined for missing values

   #  Variable        # Missing   % Missing
--------------------------------------------
   1  female               64         3.9
   2  talkpar              45         2.7
   3  dadplans             63         3.8
   4  expenses            121         7.3
   5  agehome             119         7.2

Missing for |
      which |
 variables? |      Freq.     Percent        Cum.
------------+-----------------------------------
      12345 |         16        0.97        0.97
      1234_ |          1        0.06        1.03
      12_45 |          3        0.18        1.21
      1_345 |          1        0.06        1.28
      1__45 |         27        1.64        2.91
      1___5 |         13        0.79        3.70
      1____ |          3        0.18        3.89
      _234_ |          2        0.12        4.01
      _23_5 |          1        0.06        4.07
      _23__ |          6        0.36        4.43
      _2_45 |          1        0.06        4.49
      _2_4_ |          1        0.06        4.55
      _2__5 |          1        0.06        4.61
      _2___ |         13        0.79        5.40
      __345 |          1        0.06        5.46
      __34_ |          3        0.18        5.65
      __3_5 |          5        0.30        5.95
      __3__ |         27        1.64        7.59
      ___45 |         16        0.97        8.56
      ___4_ |         49        2.98       11.54
      ____5 |         34        2.06       13.60
      _____ |      1,423       86.40      100.00
------------+-----------------------------------
      Total |      1,647      100.00

Missing for |
   how many |
 variables? |      Freq.     Percent        Cum.
------------+-----------------------------------
          0 |      1,423       86.40       86.40
          1 |        126        7.65       94.05
          2 |         45        2.73       96.78
          3 |         32        1.94       98.72
          4 |          5        0.30       99.03
          5 |         16        0.97      100.00
------------+-----------------------------------
      Total |      1,647      100.00

. tab             mnumber

Missing for |
   how many |
 variables? |      Freq.     Percent        Cum.
------------+-----------------------------------
          0 |      1,423       86.40       86.40
          1 |        126        7.65       94.05
          2 |         45        2.73       96.78
          3 |         32        1.94       98.72
          4 |          5        0.30       99.03
          5 |         16        0.97      100.00
------------+-----------------------------------
      Total |      1,647      100.00

. keep if         mnumber==0
(224 observations deleted)

. 
. //6.2) Verify data are clean. 
. codebook        talkpar agehome female dadplans expenses, compact

Variable    Obs Unique      Mean  Min  Max  Label
--------------------------------------------------------------------------------
talkpar    1423      4  2.405481    1    4  How often R talks to parents
agehome    1423     16  20.99859    1   31  Age R expects move out
female     1423      2  .5333802    0    1  Female? (1=yes)
dadplans   1423      3  2.156008    1    3  Dad's influenced R's HS plans
expenses   1423      9  1.848559    0   10  R's expenses
--------------------------------------------------------------------------------

. sum             talkpar agehome female dadplans expenses

    Variable |        Obs        Mean    Std. dev.       Min        Max
-------------+---------------------------------------------------------
     talkpar |      1,423    2.405481    1.126037          1          4
     agehome |      1,423    20.99859    4.847752          1         31
      female |      1,423    .5333802    .4990599          0          1
    dadplans |      1,423    2.156008    .7488229          1          3
    expenses |      1,423    1.848559    2.166685          0         10

. 
. //6.3) Distribution of Dependent Variable
. tab             talkpar, mis

How often R |
   talks to |
    parents |      Freq.     Percent        Cum.
------------+-----------------------------------
   1_rarely |        408       28.67       28.67
    2_<1/wk |        352       24.74       53.41
   3_1-2/wk |        341       23.96       77.37
    4_daily |        322       22.63      100.00
------------+-----------------------------------
      Total |      1,423      100.00

. 
. //6.4a) Multinomial Logit. 
. mlogit          talkpar agehome i.female dadplans expenses, baseoutcome(1) nol
> og

Multinomial logistic regression                         Number of obs =  1,423
                                                        LR chi2(12)   = 125.07
                                                        Prob > chi2   = 0.0000
Log likelihood = -1904.5147                             Pseudo R2     = 0.0318

------------------------------------------------------------------------------
     talkpar | Coefficient  Std. err.      z    P>|z|     [95% conf. interval]
-------------+----------------------------------------------------------------
1_rarely     |  (base outcome)
-------------+----------------------------------------------------------------
2__1_wk      |
     agehome |   .0389236   .0141587     2.75   0.006      .011173    .0666742
             |
      female |
      1_yes  |   -.064112   .1487147    -0.43   0.666    -.3555874    .2273634
    dadplans |   .4347766   .0992744     4.38   0.000     .2402024    .6293509
    expenses |   .0280884   .0331593     0.85   0.397    -.0369026    .0930794
       _cons |  -1.864828   .3844351    -4.85   0.000    -2.618307   -1.111349
-------------+----------------------------------------------------------------
3_1_2_wk     |
     agehome |   .0903017   .0188978     4.78   0.000     .0532626    .1273407
             |
      female |
      1_yes  |    .388078   .1527688     2.54   0.011     .0886567    .6874993
    dadplans |    .642213   .1029866     6.24   0.000      .440363     .844063
    expenses |  -.0017214   .0357409    -0.05   0.962    -.0717723    .0683295
       _cons |  -3.637752   .4914086    -7.40   0.000    -4.600896   -2.674609
-------------+----------------------------------------------------------------
4_daily      |
     agehome |   .0529801   .0164728     3.22   0.001     .0206939    .0852663
             |
      female |
      1_yes  |    .770535   .1581422     4.87   0.000      .460582    1.080488
    dadplans |   .6961503   .1050847     6.62   0.000     .4901881    .9021125
    expenses |  -.0040444   .0364521    -0.11   0.912    -.0754893    .0674005
       _cons |  -3.239223   .4462448    -7.26   0.000    -4.113847   -2.364599
------------------------------------------------------------------------------

. 
. //6.4b) Multinomial Logit. 
. listcoef,       help

mlogit (N=1423): Factor change in the odds of talkpar 

Variable: agehome (sd=4.848)
------------------------------------------------------------------------------
                             |         b        z    P>|z|       e^b   e^bStdX
-----------------------------+------------------------------------------------
1_rarely     vs 2_<1/wk      |   -0.0389   -2.749    0.006     0.962     0.828
1_rarely     vs 3_1-2/wk     |   -0.0903   -4.778    0.000     0.914     0.645
1_rarely     vs 4_daily      |   -0.0530   -3.216    0.001     0.948     0.773
2_<1/wk      vs 1_rarely     |    0.0389    2.749    0.006     1.040     1.208
2_<1/wk      vs 3_1-2/wk     |   -0.0514   -2.571    0.010     0.950     0.780
2_<1/wk      vs 4_daily      |   -0.0141   -0.784    0.433     0.986     0.934
3_1-2/wk     vs 1_rarely     |    0.0903    4.778    0.000     1.095     1.549
3_1-2/wk     vs 2_<1/wk      |    0.0514    2.571    0.010     1.053     1.283
3_1-2/wk     vs 4_daily      |    0.0373    1.758    0.079     1.038     1.198
4_daily      vs 1_rarely     |    0.0530    3.216    0.001     1.054     1.293
4_daily      vs 2_<1/wk      |    0.0141    0.784    0.433     1.014     1.071
4_daily      vs 3_1-2/wk     |   -0.0373   -1.758    0.079     0.963     0.834
------------------------------------------------------------------------------

Variable: 1.female (sd=0.499)
------------------------------------------------------------------------------
                             |         b        z    P>|z|       e^b   e^bStdX
-----------------------------+------------------------------------------------
1_rarely     vs 2_<1/wk      |    0.0641    0.431    0.666     1.066     1.033
1_rarely     vs 3_1-2/wk     |   -0.3881   -2.540    0.011     0.678     0.824
1_rarely     vs 4_daily      |   -0.7705   -4.872    0.000     0.463     0.681
2_<1/wk      vs 1_rarely     |   -0.0641   -0.431    0.666     0.938     0.969
2_<1/wk      vs 3_1-2/wk     |   -0.4522   -2.921    0.003     0.636     0.798
2_<1/wk      vs 4_daily      |   -0.8346   -5.210    0.000     0.434     0.659
3_1-2/wk     vs 1_rarely     |    0.3881    2.540    0.011     1.474     1.214
3_1-2/wk     vs 2_<1/wk      |    0.4522    2.921    0.003     1.572     1.253
3_1-2/wk     vs 4_daily      |   -0.3825   -2.369    0.018     0.682     0.826
4_daily      vs 1_rarely     |    0.7705    4.872    0.000     2.161     1.469
4_daily      vs 2_<1/wk      |    0.8346    5.210    0.000     2.304     1.517
4_daily      vs 3_1-2/wk     |    0.3825    2.369    0.018     1.466     1.210
------------------------------------------------------------------------------

Variable: dadplans (sd=0.749)
------------------------------------------------------------------------------
                             |         b        z    P>|z|       e^b   e^bStdX
-----------------------------+------------------------------------------------
1_rarely     vs 2_<1/wk      |   -0.4348   -4.380    0.000     0.647     0.722
1_rarely     vs 3_1-2/wk     |   -0.6422   -6.236    0.000     0.526     0.618
1_rarely     vs 4_daily      |   -0.6962   -6.625    0.000     0.499     0.594
2_<1/wk      vs 1_rarely     |    0.4348    4.380    0.000     1.545     1.385
2_<1/wk      vs 3_1-2/wk     |   -0.2074   -1.969    0.049     0.813     0.856
2_<1/wk      vs 4_daily      |   -0.2614   -2.426    0.015     0.770     0.822
3_1-2/wk     vs 1_rarely     |    0.6422    6.236    0.000     1.901     1.618
3_1-2/wk     vs 2_<1/wk      |    0.2074    1.969    0.049     1.231     1.168
3_1-2/wk     vs 4_daily      |   -0.0539   -0.496    0.620     0.947     0.960
4_daily      vs 1_rarely     |    0.6962    6.625    0.000     2.006     1.684
4_daily      vs 2_<1/wk      |    0.2614    2.426    0.015     1.299     1.216
4_daily      vs 3_1-2/wk     |    0.0539    0.496    0.620     1.055     1.041
------------------------------------------------------------------------------

Variable: expenses (sd=2.167)
------------------------------------------------------------------------------
                             |         b        z    P>|z|       e^b   e^bStdX
-----------------------------+------------------------------------------------
1_rarely     vs 2_<1/wk      |   -0.0281   -0.847    0.397     0.972     0.941
1_rarely     vs 3_1-2/wk     |    0.0017    0.048    0.962     1.002     1.004
1_rarely     vs 4_daily      |    0.0040    0.111    0.912     1.004     1.009
2_<1/wk      vs 1_rarely     |    0.0281    0.847    0.397     1.028     1.063
2_<1/wk      vs 3_1-2/wk     |    0.0298    0.838    0.402     1.030     1.067
2_<1/wk      vs 4_daily      |    0.0321    0.882    0.378     1.033     1.072
3_1-2/wk     vs 1_rarely     |   -0.0017   -0.048    0.962     0.998     0.996
3_1-2/wk     vs 2_<1/wk      |   -0.0298   -0.838    0.402     0.971     0.937
3_1-2/wk     vs 4_daily      |    0.0023    0.061    0.951     1.002     1.005
4_daily      vs 1_rarely     |   -0.0040   -0.111    0.912     0.996     0.991
4_daily      vs 2_<1/wk      |   -0.0321   -0.882    0.378     0.968     0.933
4_daily      vs 3_1-2/wk     |   -0.0023   -0.061    0.951     0.998     0.995
------------------------------------------------------------------------------
       b = raw coefficient
       z = z-score for test of b=0
   P>|z| = p-value for z-test
     e^b = exp(b) = factor change in odds for unit increase in X
 e^bStdX = exp(b*SD of X) = change in odds for SD increase in X

. 
. //6.5) Single Coefficient Wald & LR Test. 
. mlogtest        1.female , wald

Wald tests for independent variables (N=1423)

  Ho: All coefficients associated with given variable(s) are 0

                 |      chi2    df   P>chi2
-----------------+-------------------------
        1.female |    34.595     3    0.000

. mlogtest        agehome , wald

Wald tests for independent variables (N=1423)

  Ho: All coefficients associated with given variable(s) are 0

                 |      chi2    df   P>chi2
-----------------+-------------------------
         agehome |    27.430     3    0.000

. 
. 
. //6.6) OR Plot using mlogitplot
. mlogitplot      i.female agehome, amount(sd) ///
>                         symbols(R L O D) ///
>                         note(Frequency: 1=Rarely   2=Less than 1/wk   3=One~Tw
> o times/wk   4=Daily)

. 
. graph export icpsrcda05-nominal-fig1.png , width(1200) replace
file icpsrcda05-nominal-fig1.png saved as PNG format

. 
. //6.8a) Discrete Change.  
. mchange, atmeans

mlogit: Changes in Pr(y) | Number of obs = 1423

Expression: Pr(talkpar), predict(outcome())

               |  1 rarely    2 <1/wk   3 1-2/wk    4 daily 
---------------+--------------------------------------------
agehome        |                                            
            +1 |    -0.012     -0.001      0.011      0.002 
       p-value |     0.000      0.611      0.001      0.457 
           +SD |    -0.056     -0.009      0.057      0.008 
       p-value |     0.000      0.483      0.001      0.576 
      Marginal |    -0.012     -0.001      0.011      0.002 
       p-value |     0.000      0.647      0.000      0.428 
female         |                                            
 1 yes vs 0 no |    -0.069     -0.080      0.033      0.115 
       p-value |     0.005      0.001      0.145      0.000 
dadplans       |                                            
            +1 |    -0.103     -0.006      0.049      0.060 
       p-value |     0.000      0.712      0.006      0.001 
           +SD |    -0.080     -0.003      0.037      0.046 
       p-value |     0.000      0.816      0.004      0.000 
      Marginal |    -0.118      0.003      0.053      0.062 
       p-value |     0.000      0.831      0.001      0.000 
expenses       |                                            
            +1 |    -0.002      0.006     -0.002     -0.002 
       p-value |     0.768      0.287      0.737      0.676 
           +SD |    -0.004      0.012     -0.004     -0.005 
       p-value |     0.764      0.291      0.733      0.673 
      Marginal |    -0.002      0.006     -0.002     -0.002 
       p-value |     0.772      0.284      0.740      0.680 

Predictions at base value

             |  1_rarely    2_<1/wk   3_1-2/wk    4_daily 
-------------+--------------------------------------------
  Pr(y|base) |     0.280      0.255      0.240      0.224 

Base values of regressors

             |                    1.                      
             |   agehome     female   dadplans   expenses 
-------------+--------------------------------------------
          at |        21       .533       2.16       1.85 

1: Estimates with margins option atmeans.

. 
. //6.8b) Marginal Effects Plot
. mchangeplot i.female agehome, amount(sd) ///
>                         symbols(R L O D) ///
>                         note(Frequency: 1=Rarely   2=Less than 1/wk   3=One~Tw
> o times/wk   4=Daily)

. 
. graph export icpsrcda05-nominal-fig2.png , width(1200) replace
file icpsrcda05-nominal-fig2.png saved as PNG format

.         
. //6.9)  Calculating and Plotting Discrete Change II at specified levels
. *               of the covariates
. mchange, at(dadplans=1) atmeans

mlogit: Changes in Pr(y) | Number of obs = 1423

Expression: Pr(talkpar), predict(outcome())

               |  1 rarely    2 <1/wk   3 1-2/wk    4 daily 
---------------+--------------------------------------------
agehome        |                                            
            +1 |    -0.014      0.001      0.010      0.003 
       p-value |     0.000      0.620      0.000      0.146 
           +SD |    -0.069      0.003      0.053      0.013 
       p-value |     0.000      0.785      0.001      0.208 
      Marginal |    -0.014      0.001      0.010      0.003 
       p-value |     0.000      0.580      0.000      0.132 
female         |                                            
 1 yes vs 0 no |    -0.073     -0.056      0.038      0.091 
       p-value |     0.015      0.018      0.042      0.000 
dadplans       |                                            
            +1 |    -0.133      0.017      0.056      0.060 
       p-value |     0.000      0.277      0.000      0.000 
           +SD |    -0.101      0.014      0.042      0.045 
       p-value |     0.000      0.209      0.000      0.000 
      Marginal |    -0.140      0.026      0.056      0.057 
       p-value |     0.000      0.076      0.000      0.000 
expenses       |                                            
            +1 |    -0.003      0.005     -0.001     -0.002 
       p-value |     0.714      0.305      0.763      0.708 
           +SD |    -0.006      0.012     -0.003     -0.003 
       p-value |     0.710      0.309      0.760      0.704 
      Marginal |    -0.002      0.005     -0.001     -0.002 
       p-value |     0.717      0.301      0.766      0.711 

Predictions at base value

             |  1_rarely    2_<1/wk   3_1-2/wk    4_daily 
-------------+--------------------------------------------
  Pr(y|base) |     0.431      0.238      0.176      0.154 

Base values of regressors

             |                    1.                      
             |   agehome     female   dadplans   expenses 
-------------+--------------------------------------------
          at |        21       .533          1       1.85 

1: Estimates with margins option atmeans.

. mchangeplot i.female agehome, amount(sd) ///
>                         symbols(R L O D) ///
>                         note(Frequency: 1=Rarely  2=Less than 1/wk  3=One~Two 
> times/wk  4=Daily) ///
>                         min(-.27) max(.29)

. 
. graph export icpsrcda05-nominal-fig3.png , width(1200) replace
file icpsrcda05-nominal-fig3.png saved as PNG format

. 
. //6.11) help to interpret
. mchange female agehome, atmeans centered

mlogit: Changes in Pr(y) | Number of obs = 1423

Expression: Pr(talkpar), predict(outcome())

               |  1 rarely    2 <1/wk   3 1-2/wk    4 daily 
---------------+--------------------------------------------
female         |                                            
 1 yes vs 0 no |    -0.069     -0.080      0.033      0.115 
       p-value |     0.005      0.001      0.145      0.000 
agehome        |                                            
   +1 centered |    -0.012     -0.001      0.011      0.002 
       p-value |     0.000      0.647      0.000      0.428 
  +SD centered |    -0.059     -0.006      0.054      0.010 
       p-value |     0.000      0.647      0.000      0.429 
      Marginal |    -0.012     -0.001      0.011      0.002 
       p-value |     0.000      0.647      0.000      0.428 

Predictions at base value

             |  1_rarely    2_<1/wk   3_1-2/wk    4_daily 
-------------+--------------------------------------------
  Pr(y|base) |     0.280      0.255      0.240      0.224 

Base values of regressors

             |                    1.                      
             |   agehome     female   dadplans   expenses 
-------------+--------------------------------------------
          at |        21       .533       2.16       1.85 

1: Estimates with margins option atmeans.

. mchange female agehome, atmeans centered stats(ci)

mlogit: Changes in Pr(y) | Number of obs = 1423

Expression: Pr(talkpar), predict(outcome())

               |  1 rarely    2 <1/wk   3 1-2/wk    4 daily 
---------------+--------------------------------------------
female         |                                            
 1 yes vs 0 no |    -0.069     -0.080      0.033      0.115 
            LL |    -0.117     -0.126     -0.011      0.072 
            UL |    -0.021     -0.033      0.078      0.159 
agehome        |                                            
   +1 centered |    -0.012     -0.001      0.011      0.002 
            LL |    -0.017     -0.006      0.005     -0.003 
            UL |    -0.007      0.004      0.017      0.007 
  +SD centered |    -0.059     -0.006      0.054      0.010 
            LL |    -0.082     -0.030      0.024     -0.015 
            UL |    -0.036      0.019      0.085      0.036 
      Marginal |    -0.012     -0.001      0.011      0.002 
            LL |    -0.017     -0.006      0.005     -0.003 
            UL |    -0.007      0.004      0.017      0.007 

Predictions at base value

             |  1_rarely    2_<1/wk   3_1-2/wk    4_daily 
-------------+--------------------------------------------
  Pr(y|base) |     0.280      0.255      0.240      0.224 

Base values of regressors

             |                    1.                      
             |   agehome     female   dadplans   expenses 
-------------+--------------------------------------------
          at |        21       .533       2.16       1.85 

1: Estimates with margins option atmeans.

. 
. //6.END) Close Log File and Exit Do File.
. log close
      name:  <unnamed>
       log:  C:\Users\lfh\Desktop\umich summer\categorical data\homework\assig6\
> icpsrcda-05-nominal.log
  log type:  text
 closed on:  11 Aug 2021, 00:58:41
--------------------------------------------------------------------------------
